
ROM used:   92/2048 (4%)
            92/2048 (4%) including unused fragments

            0.2 Average locations per line
            6.1 Average locations per statement

RAM used:   9/224 (4%) at main() level
            9/224 (4%) worst case

Stack used: 0 worst case (0 in main + 0 for interrupts)
Stack size: 8

Lines Stmts  %   Files
----- ----- ---  -----
   42    15 100  Practica 9 uc 2811B.c
  518     0   0  ..\..\..\..\..\..\..\Program Files (x86)\PICC\Devices\16F628A.h
----- -----
  560    15 Total

Page ROM  %  RAM   Vol Diff  Functions:
---- --- --- ---   --- ----  ----------
0     88  96    4   404  4.4  main
 Inline         0             @cinit1

Program metrics:
    Functions               1
    Statements              15
    Comments                104
    Volume (V)              406
    Difficulty (D)          4.3
    Effort to implement (E) 1727
    Time to implement (T)   2 minutes
    Est Delivered Bugs (B)  0
    Cyclomatic Complexity   1
    Maintainability (MI)    91

 Segment     Used  Free
-----------  ----  ----
00000-00003     4  0  
00004-007FF    88  1956  



